2019-03-07 16:00:00  INFO DefaultTestContextBootstrapper:248 - Loaded default TestExecutionListener class names from location [META-INF/spring.factories]: [org.springframework.test.context.web.ServletTestExecutionListener, org.springframework.test.context.support.DirtiesContextBeforeModesTestExecutionListener, org.springframework.test.context.support.DependencyInjectionTestExecutionListener, org.springframework.test.context.support.DirtiesContextTestExecutionListener, org.springframework.test.context.transaction.TransactionalTestExecutionListener, org.springframework.test.context.jdbc.SqlScriptsTestExecutionListener]
2019-03-07 16:00:00  INFO DefaultTestContextBootstrapper:177 - Using TestExecutionListeners: [org.springframework.test.context.support.DirtiesContextBeforeModesTestExecutionListener@4ed9f0, org.springframework.test.context.support.DependencyInjectionTestExecutionListener@4f787b, org.springframework.test.context.support.DirtiesContextTestExecutionListener@5cb137]
2019-03-07 16:00:00  INFO XmlBeanDefinitionReader:317 - Loading XML bean definitions from class path resource [bean.xml]
2019-03-07 16:00:01  INFO GenericApplicationContext:588 - Refreshing org.springframework.context.support.GenericApplicationContext@17b4f4c: startup date [Thu Mar 07 16:00:01 CST 2019]; root of context hierarchy
2019-03-07 16:00:02  INFO MyBeforeAdvice:13 - This is a before method by wxy
2019-03-07 16:00:02  INFO BeforeAdvice:11 - 连接数据库。。。
2019-03-07 16:00:02  INFO UserDaoImpl:10 - 开始进行插入操作。。。
2019-03-07 16:00:02  INFO GenericApplicationContext:991 - Closing org.springframework.context.support.GenericApplicationContext@17b4f4c: startup date [Thu Mar 07 16:00:01 CST 2019]; root of context hierarchy
2019-03-07 16:56:36  INFO DefaultTestContextBootstrapper:248 - Loaded default TestExecutionListener class names from location [META-INF/spring.factories]: [org.springframework.test.context.web.ServletTestExecutionListener, org.springframework.test.context.support.DirtiesContextBeforeModesTestExecutionListener, org.springframework.test.context.support.DependencyInjectionTestExecutionListener, org.springframework.test.context.support.DirtiesContextTestExecutionListener, org.springframework.test.context.transaction.TransactionalTestExecutionListener, org.springframework.test.context.jdbc.SqlScriptsTestExecutionListener]
2019-03-07 16:56:36  INFO DefaultTestContextBootstrapper:177 - Using TestExecutionListeners: [org.springframework.test.context.support.DirtiesContextBeforeModesTestExecutionListener@4ed9f0, org.springframework.test.context.support.DependencyInjectionTestExecutionListener@4f787b, org.springframework.test.context.support.DirtiesContextTestExecutionListener@5cb137]
2019-03-07 16:56:37  INFO XmlBeanDefinitionReader:317 - Loading XML bean definitions from class path resource [bean.xml]
2019-03-07 16:56:37  INFO GenericApplicationContext:588 - Refreshing org.springframework.context.support.GenericApplicationContext@17b4f4c: startup date [Thu Mar 07 16:56:37 CST 2019]; root of context hierarchy
2019-03-07 16:56:38  WARN GenericApplicationContext:556 - Exception encountered during context initialization - cancelling refresh attempt: org.springframework.beans.factory.BeanCreationException: Error creating bean with name 'hello' defined in class path resource [bean.xml]: BeanPostProcessor before instantiation of bean failed; nested exception is org.springframework.beans.factory.BeanCreationException: Error creating bean with name 'org.springframework.aop.aspectj.AspectJPointcutAdvisor#1': Bean instantiation via constructor failed; nested exception is org.springframework.beans.BeanInstantiationException: Failed to instantiate [org.springframework.aop.aspectj.AspectJPointcutAdvisor]: Constructor threw exception; nested exception is java.lang.IllegalArgumentException: Pointcut is not well-formed: expecting ')' at character position 11
excution(* com.spring.*.*(..))
           ^^^

2019-03-07 16:56:38 ERROR TestContextManager:250 - Caught exception while allowing TestExecutionListener [org.springframework.test.context.support.DependencyInjectionTestExecutionListener@4f787b] to prepare test instance [com.spring.UserDaoTest@325e14]
java.lang.IllegalStateException: Failed to load ApplicationContext
	at org.springframework.test.context.cache.DefaultCacheAwareContextLoaderDelegate.loadContext(DefaultCacheAwareContextLoaderDelegate.java:125)
	at org.springframework.test.context.support.DefaultTestContext.getApplicationContext(DefaultTestContext.java:108)
	at org.springframework.test.context.support.DependencyInjectionTestExecutionListener.injectDependencies(DependencyInjectionTestExecutionListener.java:117)
	at org.springframework.test.context.support.DependencyInjectionTestExecutionListener.prepareTestInstance(DependencyInjectionTestExecutionListener.java:83)
	at org.springframework.test.context.TestContextManager.prepareTestInstance(TestContextManager.java:246)
	at org.springframework.test.context.junit4.SpringJUnit4ClassRunner.createTest(SpringJUnit4ClassRunner.java:227)
	at org.springframework.test.context.junit4.SpringJUnit4ClassRunner$1.runReflectiveCall(SpringJUnit4ClassRunner.java:289)
	at org.junit.internal.runners.model.ReflectiveCallable.run(ReflectiveCallable.java:12)
	at org.springframework.test.context.junit4.SpringJUnit4ClassRunner.methodBlock(SpringJUnit4ClassRunner.java:291)
	at org.springframework.test.context.junit4.SpringJUnit4ClassRunner.runChild(SpringJUnit4ClassRunner.java:246)
	at org.springframework.test.context.junit4.SpringJUnit4ClassRunner.runChild(SpringJUnit4ClassRunner.java:97)
	at org.junit.runners.ParentRunner$3.run(ParentRunner.java:290)
	at org.junit.runners.ParentRunner$1.schedule(ParentRunner.java:71)
	at org.junit.runners.ParentRunner.runChildren(ParentRunner.java:288)
	at org.junit.runners.ParentRunner.access$000(ParentRunner.java:58)
	at org.junit.runners.ParentRunner$2.evaluate(ParentRunner.java:268)
	at org.springframework.test.context.junit4.statements.RunBeforeTestClassCallbacks.evaluate(RunBeforeTestClassCallbacks.java:61)
	at org.springframework.test.context.junit4.statements.RunAfterTestClassCallbacks.evaluate(RunAfterTestClassCallbacks.java:70)
	at org.junit.runners.ParentRunner.run(ParentRunner.java:363)
	at org.springframework.test.context.junit4.SpringJUnit4ClassRunner.run(SpringJUnit4ClassRunner.java:190)
	at org.junit.runner.JUnitCore.run(JUnitCore.java:137)
	at com.intellij.junit4.JUnit4IdeaTestRunner.startRunnerWithArgs(JUnit4IdeaTestRunner.java:68)
	at com.intellij.rt.execution.junit.IdeaTestRunner$Repeater.startRunnerWithArgs(IdeaTestRunner.java:47)
	at com.intellij.rt.execution.junit.JUnitStarter.prepareStreamsAndStart(JUnitStarter.java:242)
	at com.intellij.rt.execution.junit.JUnitStarter.main(JUnitStarter.java:70)
Caused by: org.springframework.beans.factory.BeanCreationException: Error creating bean with name 'hello' defined in class path resource [bean.xml]: BeanPostProcessor before instantiation of bean failed; nested exception is org.springframework.beans.factory.BeanCreationException: Error creating bean with name 'org.springframework.aop.aspectj.AspectJPointcutAdvisor#1': Bean instantiation via constructor failed; nested exception is org.springframework.beans.BeanInstantiationException: Failed to instantiate [org.springframework.aop.aspectj.AspectJPointcutAdvisor]: Constructor threw exception; nested exception is java.lang.IllegalArgumentException: Pointcut is not well-formed: expecting ')' at character position 11
excution(* com.spring.*.*(..))
           ^^^

	at org.springframework.beans.factory.support.AbstractAutowireCapableBeanFactory.createBean(AbstractAutowireCapableBeanFactory.java:490)
	at org.springframework.beans.factory.support.AbstractBeanFactory.lambda$doGetBean$0(AbstractBeanFactory.java:317)
	at org.springframework.beans.factory.support.DefaultSingletonBeanRegistry.getSingleton(DefaultSingletonBeanRegistry.java:222)
	at org.springframework.beans.factory.support.AbstractBeanFactory.doGetBean(AbstractBeanFactory.java:315)
	at org.springframework.beans.factory.support.AbstractBeanFactory.getBean(AbstractBeanFactory.java:199)
	at org.springframework.beans.factory.support.DefaultListableBeanFactory.preInstantiateSingletons(DefaultListableBeanFactory.java:759)
	at org.springframework.context.support.AbstractApplicationContext.finishBeanFactoryInitialization(AbstractApplicationContext.java:867)
	at org.springframework.context.support.AbstractApplicationContext.refresh(AbstractApplicationContext.java:548)
	at org.springframework.test.context.support.AbstractGenericContextLoader.loadContext(AbstractGenericContextLoader.java:128)
	at org.springframework.test.context.support.AbstractGenericContextLoader.loadContext(AbstractGenericContextLoader.java:60)
	at org.springframework.test.context.support.AbstractDelegatingSmartContextLoader.delegateLoading(AbstractDelegatingSmartContextLoader.java:275)
	at org.springframework.test.context.support.AbstractDelegatingSmartContextLoader.loadContext(AbstractDelegatingSmartContextLoader.java:243)
	at org.springframework.test.context.cache.DefaultCacheAwareContextLoaderDelegate.loadContextInternal(DefaultCacheAwareContextLoaderDelegate.java:99)
	at org.springframework.test.context.cache.DefaultCacheAwareContextLoaderDelegate.loadContext(DefaultCacheAwareContextLoaderDelegate.java:117)
	... 24 more
Caused by: org.springframework.beans.factory.BeanCreationException: Error creating bean with name 'org.springframework.aop.aspectj.AspectJPointcutAdvisor#1': Bean instantiation via constructor failed; nested exception is org.springframework.beans.BeanInstantiationException: Failed to instantiate [org.springframework.aop.aspectj.AspectJPointcutAdvisor]: Constructor threw exception; nested exception is java.lang.IllegalArgumentException: Pointcut is not well-formed: expecting ')' at character position 11
excution(* com.spring.*.*(..))
           ^^^

	at org.springframework.beans.factory.support.ConstructorResolver.autowireConstructor(ConstructorResolver.java:283)
	at org.springframework.beans.factory.support.AbstractAutowireCapableBeanFactory.autowireConstructor(AbstractAutowireCapableBeanFactory.java:1266)
	at org.springframework.beans.factory.support.AbstractAutowireCapableBeanFactory.createBeanInstance(AbstractAutowireCapableBeanFactory.java:1123)
	at org.springframework.beans.factory.support.AbstractAutowireCapableBeanFactory.doCreateBean(AbstractAutowireCapableBeanFactory.java:535)
	at org.springframework.beans.factory.support.AbstractAutowireCapableBeanFactory.createBean(AbstractAutowireCapableBeanFactory.java:495)
	at org.springframework.beans.factory.support.AbstractBeanFactory.lambda$doGetBean$0(AbstractBeanFactory.java:317)
	at org.springframework.beans.factory.support.DefaultSingletonBeanRegistry.getSingleton(DefaultSingletonBeanRegistry.java:222)
	at org.springframework.beans.factory.support.AbstractBeanFactory.doGetBean(AbstractBeanFactory.java:315)
	at org.springframework.beans.factory.support.AbstractBeanFactory.getBean(AbstractBeanFactory.java:204)
	at org.springframework.aop.framework.autoproxy.BeanFactoryAdvisorRetrievalHelper.findAdvisorBeans(BeanFactoryAdvisorRetrievalHelper.java:91)
	at org.springframework.aop.framework.autoproxy.AbstractAdvisorAutoProxyCreator.findCandidateAdvisors(AbstractAdvisorAutoProxyCreator.java:109)
	at org.springframework.aop.aspectj.autoproxy.AspectJAwareAdvisorAutoProxyCreator.shouldSkip(AspectJAwareAdvisorAutoProxyCreator.java:101)
	at org.springframework.aop.framework.autoproxy.AbstractAutoProxyCreator.postProcessBeforeInstantiation(AbstractAutoProxyCreator.java:254)
	at org.springframework.beans.factory.support.AbstractAutowireCapableBeanFactory.applyBeanPostProcessorsBeforeInstantiation(AbstractAutowireCapableBeanFactory.java:1060)
	at org.springframework.beans.factory.support.AbstractAutowireCapableBeanFactory.resolveBeforeInstantiation(AbstractAutowireCapableBeanFactory.java:1033)
	at org.springframework.beans.factory.support.AbstractAutowireCapableBeanFactory.createBean(AbstractAutowireCapableBeanFactory.java:484)
	... 37 more
Caused by: org.springframework.beans.BeanInstantiationException: Failed to instantiate [org.springframework.aop.aspectj.AspectJPointcutAdvisor]: Constructor threw exception; nested exception is java.lang.IllegalArgumentException: Pointcut is not well-formed: expecting ')' at character position 11
excution(* com.spring.*.*(..))
           ^^^

	at org.springframework.beans.BeanUtils.instantiateClass(BeanUtils.java:182)
	at org.springframework.beans.factory.support.SimpleInstantiationStrategy.instantiate(SimpleInstantiationStrategy.java:117)
	at org.springframework.beans.factory.support.ConstructorResolver.autowireConstructor(ConstructorResolver.java:276)
	... 52 more
Caused by: java.lang.IllegalArgumentException: Pointcut is not well-formed: expecting ')' at character position 11
excution(* com.spring.*.*(..))
           ^^^

	at org.aspectj.weaver.tools.PointcutParser.resolvePointcutExpression(PointcutParser.java:334)
	at org.aspectj.weaver.tools.PointcutParser.parsePointcutExpression(PointcutParser.java:312)
	at org.springframework.aop.aspectj.AspectJExpressionPointcut.buildPointcutExpression(AspectJExpressionPointcut.java:227)
	at org.springframework.aop.aspectj.AspectJExpressionPointcut.obtainPointcutExpression(AspectJExpressionPointcut.java:198)
	at org.springframework.aop.aspectj.AspectJExpressionPointcut.getMethodMatcher(AspectJExpressionPointcut.java:183)
	at org.springframework.aop.aspectj.AbstractAspectJAdvice.buildSafePointcut(AbstractAspectJAdvice.java:202)
	at org.springframework.aop.aspectj.AspectJPointcutAdvisor.<init>(AspectJPointcutAdvisor.java:52)
	at sun.reflect.NativeConstructorAccessorImpl.newInstance0(Native Method)
	at sun.reflect.NativeConstructorAccessorImpl.newInstance(NativeConstructorAccessorImpl.java:62)
	at sun.reflect.DelegatingConstructorAccessorImpl.newInstance(DelegatingConstructorAccessorImpl.java:45)
	at java.lang.reflect.Constructor.newInstance(Constructor.java:422)
	at org.springframework.beans.BeanUtils.instantiateClass(BeanUtils.java:170)
	... 54 more
2019-03-07 17:01:28  INFO DefaultTestContextBootstrapper:248 - Loaded default TestExecutionListener class names from location [META-INF/spring.factories]: [org.springframework.test.context.web.ServletTestExecutionListener, org.springframework.test.context.support.DirtiesContextBeforeModesTestExecutionListener, org.springframework.test.context.support.DependencyInjectionTestExecutionListener, org.springframework.test.context.support.DirtiesContextTestExecutionListener, org.springframework.test.context.transaction.TransactionalTestExecutionListener, org.springframework.test.context.jdbc.SqlScriptsTestExecutionListener]
2019-03-07 17:01:28  INFO DefaultTestContextBootstrapper:177 - Using TestExecutionListeners: [org.springframework.test.context.support.DirtiesContextBeforeModesTestExecutionListener@4ed9f0, org.springframework.test.context.support.DependencyInjectionTestExecutionListener@4f787b, org.springframework.test.context.support.DirtiesContextTestExecutionListener@5cb137]
2019-03-07 17:01:28  INFO XmlBeanDefinitionReader:317 - Loading XML bean definitions from class path resource [bean.xml]
2019-03-07 17:01:28  INFO GenericApplicationContext:588 - Refreshing org.springframework.context.support.GenericApplicationContext@17b4f4c: startup date [Thu Mar 07 17:01:28 CST 2019]; root of context hierarchy
2019-03-07 17:01:30  INFO MyBeforeAdvice:13 - This is a before method by wxy
2019-03-07 17:01:30  INFO BeforeAdvice:9 - 连接数据库。。。
2019-03-07 17:01:30  INFO UserDaoImpl:10 - 开始插入一条数据。。。
2019-03-07 17:01:30  INFO GenericApplicationContext:991 - Closing org.springframework.context.support.GenericApplicationContext@17b4f4c: startup date [Thu Mar 07 17:01:28 CST 2019]; root of context hierarchy
2019-03-07 17:15:56  INFO DefaultTestContextBootstrapper:248 - Loaded default TestExecutionListener class names from location [META-INF/spring.factories]: [org.springframework.test.context.web.ServletTestExecutionListener, org.springframework.test.context.support.DirtiesContextBeforeModesTestExecutionListener, org.springframework.test.context.support.DependencyInjectionTestExecutionListener, org.springframework.test.context.support.DirtiesContextTestExecutionListener, org.springframework.test.context.transaction.TransactionalTestExecutionListener, org.springframework.test.context.jdbc.SqlScriptsTestExecutionListener]
2019-03-07 17:15:56  INFO DefaultTestContextBootstrapper:177 - Using TestExecutionListeners: [org.springframework.test.context.support.DirtiesContextBeforeModesTestExecutionListener@4ed9f0, org.springframework.test.context.support.DependencyInjectionTestExecutionListener@4f787b, org.springframework.test.context.support.DirtiesContextTestExecutionListener@5cb137]
2019-03-07 17:15:56  INFO XmlBeanDefinitionReader:317 - Loading XML bean definitions from class path resource [bean.xml]
2019-03-07 17:15:57  INFO GenericApplicationContext:588 - Refreshing org.springframework.context.support.GenericApplicationContext@17b4f4c: startup date [Thu Mar 07 17:15:57 CST 2019]; root of context hierarchy
2019-03-07 17:15:58  INFO MyBeforeAdvice:13 - This is a before method by wxy
2019-03-07 17:15:58  INFO BeforeAdvice:9 - 连接数据库。
2019-03-07 17:15:58  INFO UserDaoImpl:10 - 开始插入一条数据。。。
2019-03-07 17:15:58  INFO GenericApplicationContext:991 - Closing org.springframework.context.support.GenericApplicationContext@17b4f4c: startup date [Thu Mar 07 17:15:57 CST 2019]; root of context hierarchy
2019-03-10 10:35:35  INFO DefaultTestContextBootstrapper:248 - Loaded default TestExecutionListener class names from location [META-INF/spring.factories]: [org.springframework.test.context.web.ServletTestExecutionListener, org.springframework.test.context.support.DirtiesContextBeforeModesTestExecutionListener, org.springframework.test.context.support.DependencyInjectionTestExecutionListener, org.springframework.test.context.support.DirtiesContextTestExecutionListener, org.springframework.test.context.transaction.TransactionalTestExecutionListener, org.springframework.test.context.jdbc.SqlScriptsTestExecutionListener]
2019-03-10 10:35:35  INFO DefaultTestContextBootstrapper:177 - Using TestExecutionListeners: [org.springframework.test.context.support.DirtiesContextBeforeModesTestExecutionListener@4ed9f0, org.springframework.test.context.support.DependencyInjectionTestExecutionListener@4f787b, org.springframework.test.context.support.DirtiesContextTestExecutionListener@5cb137]
2019-03-10 10:35:35  INFO XmlBeanDefinitionReader:317 - Loading XML bean definitions from class path resource [bean.xml]
2019-03-10 10:35:35  INFO GenericApplicationContext:588 - Refreshing org.springframework.context.support.GenericApplicationContext@17b4f4c: startup date [Sun Mar 10 10:35:35 CST 2019]; root of context hierarchy
2019-03-10 10:35:36  INFO MyBeforeAdvice:13 - This is a before method by wxy
2019-03-10 10:35:36  INFO BeforeAdvice:9 - 连接数据库。
2019-03-10 10:35:36  INFO UserDaoImpl:10 - 开始插入一条数据。。。
2019-03-10 10:35:37  INFO GenericApplicationContext:991 - Closing org.springframework.context.support.GenericApplicationContext@17b4f4c: startup date [Sun Mar 10 10:35:35 CST 2019]; root of context hierarchy
